<idea-plugin>
  <extensions defaultExtensionNs="com.intellij">
    <configurationProducer implementation="org.jetbrains.kotlin.idea.run.KotlinJUnitRunConfigurationProducer"/>
  </extensions>
</idea-plugin>
