<?xml version="1.0" encoding="UTF-8"?>
<results>
  <testsuite name="PrintTest" tests="1" skipped="0" failures="0" errors="0" timestamp="..." hostname="..." time="...">
    <properties />
    <testcase name="test[wasmJs, browser]" classname="PrintTest" time="..." />
    <system-out><![CDATA[[log] ====

[log] null
[log]

[log] ====]]></system-out>
    <system-err />
  </testsuite>
</results>
